<?xml version="1.0" encoding="UTF-8"?>
<!-- Generated by org.testng.reporters.JUnitReportReporter -->
<testsuite hostname="LAPTOP-DAP28CO9" failures="0" tests="1" name="OpenBrowserGoogle" time="18.583" errors="0" timestamp="2020-04-28T19:09:48 IST" skipped="0">
  <testcase classname="OpenBrowserGoogle" name="OpenBrowser" time="18.583"/>
  <system-out/>
</testsuite> <!-- OpenBrowserGoogle -->
