<?xml version="1.0" encoding="UTF-8"?>
<!-- Generated by org.testng.reporters.JUnitReportReporter -->
<testsuite hostname="LAPTOP-DAP28CO9" failures="0" tests="1" name="testAutomation.OpenBrowserGoogle" time="14.193" errors="0" timestamp="2020-04-29T09:53:23 IST" skipped="0">
  <testcase classname="testAutomation.OpenBrowserGoogle" name="OpenBrowser" time="14.193"/>
  <system-out/>
</testsuite> <!-- testAutomation.OpenBrowserGoogle -->
